TagLib: Could not open file /home/sophos/music/reset - 50landing.mp3
TagLib: Could not open file /home/sophos/music/ 04 - Freeee (Ghost Town Pt. 2).mp3
TagLib: Could not open file /home/sophos/music/ 04 - Freeee (Ghost Town Pt. 2).mp3
TagLib: Could not open file /home/sophos/music/ 04 - Freeee (Ghost Town Pt. 2).mp3
TagLib: Could not open file /home/sophos/music/ 04 - Freeee (Ghost Town Pt. 2).mp3
TagLib: Could not open file /home/sophos/music/ 04 - Freeee (Ghost Town Pt. 2).mp3
TagLib: Could not open file /home/sophos/music/Losing Interest (feat.Created.With.Ytmdl.mp3
TagLib: Could not open file /home/sophos/music/Losing Interest (feat.Created.With.Ytmdl.mp3
TagLib: Could not open file /home/sophos/music/Losing Interest (feat.Created.With.Ytmdl.mp3
TagLib: Could not open file /home/sophos/music/Losing Interest (feat.Created.With.Ytmdl.mp3
TagLib: Could not open file /home/sophos/music/Losing Interest (feat.Created.With.Ytmdl.mp3
TagLib: Could not open file /home/sophos/music/Losing Interest (feat.Created.With.Ytmdl.mp3
TagLib: Could not open file /home/sophos/music/Losing Interest (feat.Created.With.Ytmdl.mp3
TagLib: Could not open file /home/sophos/music/Losing Interest (feat.Created.With.Ytmdl.mp3
TagLib: Could not open file /home/sophos/music/Losing Interest (feat.Created.With.Ytmdl.mp3
TagLib: Could not open file /home/sophos/music/Losing Interest (feat.Created.With.Ytmdl.mp3
TagLib: Could not open file /home/sophos/music/Losing Interest (feat.Created.With.Ytmdl.mp3
TagLib: Could not open file /home/sophos/music/Losing Interest (feat.Created.With.Ytmdl.mp3
TagLib: Could not open file /home/sophos/music/Losing Interest (feat.Created.With.Ytmdl.mp3
TagLib: Could not open file /home/sophos/music/Daniel Caesar - Japanese Denim.mp3
TagLib: Could not open file /home/sophos/music/Daniel Caesar - Japanese Denim.mp3
TagLib: Could not open file /home/sophos/music/Daniel Caesar - Japanese Denim.mp3
TagLib: Could not open file /home/sophos/music/Daniel Caesar - Japanese Denim.mp3
TagLib: Could not open file /home/sophos/music/Daniel Caesar - Japanese Denim.mp3
TagLib: Could not open file /home/sophos/music/Daniel Caesar - Japanese Denim.mp3
TagLib: Could not open file /home/sophos/music/Daniel Caesar - Japanese Denim.mp3
TagLib: Could not open file /home/sophos/music/Daniel Caesar - Japanese Denim.mp3
TagLib: Could not open file /home/sophos/music/Daniel Caesar - Japanese Denim.mp3
TagLib: Could not open file /home/sophos/music/Daniel Caesar - Japanese Denim.mp3
TagLib: Could not open file /home/sophos/music/Labrinth - Jealous (Official Video).mp3
TagLib: Could not open file /home/sophos/music/Labrinth - Jealous (Official Video).mp3
TagLib: Could not open file /home/sophos/music/Labrinth - Jealous (Official Video).mp3
TagLib: Could not open file /home/sophos/music/Labrinth - Jealous (Official Video).mp3
TagLib: Could not open file /home/sophos/music/Labrinth - Jealous (Official Video).mp3
TagLib: Could not open file /home/sophos/music/_So Gaya Yeh Jahan_ Full 4K Video Song _ Madhuri Dixit, Anil Kapoor, Chunky Pandey - Tezaab.mp3
TagLib: Could not open file /home/sophos/music/_So Gaya Yeh Jahan_ Full 4K Video Song _ Madhuri Dixit, Anil Kapoor, Chunky Pandey - Tezaab.mp3
TagLib: Could not open file /home/sophos/music/[Melodic Dubstep] Four Eyes - Miles Away (Bloom Remix).mp3
TagLib: Could not open file /home/sophos/music/[Trap] Far East Movement _ Rell The Soundbender - Grimey Thirsty Feat. YG (Teminite Remix).mp3
TagLib: Could not open file /home/sophos/music/01 - 'The Wind Rises' Suite No.2 for Balalaika, Bayan, Guitar and Small Orchestra - A Journey (Dream of Flight) - Nahoko (The Encounte.flac
TagLib: Could not open file /home/sophos/music/01 - A Good Song Never Dies.mp3
TagLib: Could not open file /home/sophos/music/01 - Best Friend.mp3
TagLib: Could not open file /home/sophos/music/Losing Interest (feat.Created.With.Ytmdl.mp3
TagLib: Could not open file /home/sophos/music/Losing Interest (feat.Created.With.Ytmdl.mp3
TagLib: Could not open file /home/sophos/music/Losing Interest (feat.Created.With.Ytmdl.mp3
TagLib: Could not open file /home/sophos/music/Losing Interest (feat.Created.With.Ytmdl.mp3
TagLib: Could not open file /home/sophos/music/Losing Interest (feat.Created.With.Ytmdl.mp3
TagLib: Could not open file /home/sophos/music/ 04 - Freeee (Ghost Town Pt. 2).mp3
TagLib: Could not open file /home/sophos/music/ 04 - Freeee (Ghost Town Pt. 2).mp3
TagLib: Could not open file /home/sophos/music/ 04 - Freeee (Ghost Town Pt. 2).mp3
TagLib: Could not open file /home/sophos/music/ 04 - Freeee (Ghost Town Pt. 2).mp3
TagLib: Could not open file /home/sophos/music/ 04 - Freeee (Ghost Town Pt. 2).mp3
TagLib: Could not open file /home/sophos/music/ 04 - Freeee (Ghost Town Pt. 2).mp3
TagLib: Could not open file /home/sophos/music/ 04 - Freeee (Ghost Town Pt. 2).mp3
TagLib: Could not open file /home/sophos/music/ 04 - Freeee (Ghost Town Pt. 2).mp3
TagLib: Could not open file /home/sophos/music/Losing Interest (feat.Created.With.Ytmdl.mp3
TagLib: Could not open file /home/sophos/music/Losing Interest (feat.Created.With.Ytmdl.mp3
TagLib: Could not open file /home/sophos/music/Losing Interest (feat.Created.With.Ytmdl.mp3
TagLib: Could not open file /home/sophos/music/Losing Interest (feat.Created.With.Ytmdl.mp3
TagLib: Could not open file /home/sophos/music/Losing Interest (feat.Created.With.Ytmdl.mp3
TagLib: ID3v2.4 no longer supports the frame type TDAT.  It will be discarded from the tag.
TagLib: ID3v2.4 no longer supports the frame type TDAT.  It will be discarded from the tag.
TagLib: ID3v2.4 no longer supports the frame type TDAT.  It will be discarded from the tag.
TagLib: ID3v2.4 no longer supports the frame type TSIZ.  It will be discarded from the tag.
TagLib: ID3v2.4 no longer supports the frame type TIME.  It will be discarded from the tag.
TagLib: ID3v2.4 no longer supports the frame type TDAT.  It will be discarded from the tag.
TagLib: ID3v2.4 no longer supports the frame type TDAT.  It will be discarded from the tag.
TagLib: ID3v2.4 no longer supports the frame type TDAT.  It will be discarded from the tag.
TagLib: ID3v2.4 no longer supports the frame type TDAT.  It will be discarded from the tag.
TagLib: ID3v2.4 no longer supports the frame type TDAT.  It will be discarded from the tag.
TagLib: ID3v2.4 no longer supports the frame type TDAT.  It will be discarded from the tag.
TagLib: String::copyFromUTF16() - Invalid UTF16 string. BOM is broken.
TagLib: String::copyFromUTF16() - Invalid UTF16 string. BOM is broken.
TagLib: ID3v2.4 no longer supports the frame type TDAT.  It will be discarded from the tag.
TagLib: ID3v2.4 no longer supports the frame type TDAT.  It will be discarded from the tag.
TagLib: ID3v2.4 no longer supports the frame type TDAT.  It will be discarded from the tag.
writeCommonTags: couldn't write 'track' tag to 'Go Fuck Yourself Two Feet.m4a' as it's not a positive integer
TagLib: ID3v2.4 no longer supports the frame type TDAT.  It will be discarded from the tag.
TagLib: MPEG::File::save() -- File is read only.
TagLib: MPEG::File::save() -- File is read only.
TagLib: MPEG::File::save() -- File is read only.
TagLib: MPEG::File::save() -- File is read only.
